<?xml version="1.0" encoding="UTF-8"?>
<!-- Generated by org.testng.reporters.JUnitReportReporter -->
<testsuite hostname="PC04" failures="0" tests="1" name="com.Test.MobileTest" time="3.031" errors="0" timestamp="01 Sep 2022 10:36:16 GMT" skipped="0">
  <testcase classname="com.Test.MobileTest" name="mobile_Test" time="3.031"/>
</testsuite> <!-- com.Test.MobileTest -->
