<?xml version="1.0" encoding="UTF-8"?>
<!-- Generated by org.testng.reporters.JUnitReportReporter -->
<testsuite hostname="PC04" failures="0" tests="1" name="com.Test.DashboardTest" time="2.885" errors="0" timestamp="01 Sep 2022 10:36:16 GMT" skipped="0">
  <testcase classname="com.Test.DashboardTest" name="book_test" time="2.885"/>
</testsuite> <!-- com.Test.DashboardTest -->
