<?xml version="1.0" encoding="UTF-8"?>
<!-- Generated by org.testng.reporters.JUnitReportReporter -->
<testsuite hostname="PC04" failures="0" tests="1" name="com.Test.MobleListTest" time="5.616" errors="0" timestamp="01 Sep 2022 10:36:16 GMT" skipped="0">
  <testcase classname="com.Test.MobleListTest" name="mobile_List_Test" time="5.616"/>
</testsuite> <!-- com.Test.MobleListTest -->
